
Wed Jul 12 14:55:59 2017
	Sender: cengel2
	Project: getpubkey
	Program: getpubkey
	Signing Project: testproject
	Signing Key file: testprojectkey.tok
	Public Key length 256
 a7 5c 56 ee c1 74 e3 ad 0f d0 74 13 11 a2 3f ed 
 63 e0 b8 6a d5 79 50 3f 08 3b f6 76 7a d2 a5 65 
 ea 99 b1 e7 82 0d 58 e5 61 3d 76 34 a7 ac f2 a0 
 40 ab ae d3 ec a4 f2 59 9d 22 f6 19 10 59 ed a5 
 d4 00 7a d4 2a 3d ae 57 31 ba 7e 79 d6 82 ff ee 
 ba 11 8f 77 27 6a c2 41 6d 9e 03 9b 9a 20 9f 3d 
 46 e1 dc 92 a4 95 ff 31 23 f2 b4 36 a6 4d 48 b3 
 c3 4d 3d b7 52 e6 27 65 3b 04 fc 82 48 b3 55 22 
 27 ee ae 13 6d 63 4c 85 3d 9c 58 6e 31 a1 37 42 
 49 d9 84 3c 5b 82 0a fd 43 33 62 0b ae 3a 56 f6 
 00 11 77 c2 f6 90 67 90 86 67 5d 7b 11 c7 e3 71 
 69 94 c2 3d 06 74 28 ca b9 bd 71 c2 e6 f1 74 38 
 80 f3 cd 9c 5b 32 18 c3 ee 89 3b 57 83 fd b0 86 
 3f b9 c8 22 53 a4 6b 85 82 06 ec cd a5 6c 3a ba 
 4f ac c3 47 33 45 c0 a3 eb 2a 4d e9 0b 4a 63 13 
 90 57 be 73 3c 22 83 41 ad 89 0e 89 60 bc f9 a1 
	Return code: 0
